Using pre-set license
Built from '2020.3/release' branch; Version is '2020.3.12f1 (b3b2c6512326) revision 11776710'; Using compiler version '192528614'; Build Type 'Release'
OS: 'Windows 10 Home; OS build 19042.1052; Version 2009; 64bit' Language: 'en' Physical Memory: 16333 MB
BatchMode: 1, IsHumanControllingUs: 0, StartBugReporterOnCrash: 0, Is64bit: 1, IsPro: 0

 COMMAND LINE ARGUMENTS:
C:\Program Files\Unity\Hub\Editor\2020.3.12f1\Editor\Unity.exe
-adb2
-batchMode
-noUpm
-name
AssetImportWorker0
-projectPath
C:/Users/Dayna/Desktop/TR_GAME
-logFile
Logs/AssetImportWorker0.log
-srvPort
55576
Successfully changed project path to: C:/Users/Dayna/Desktop/TR_GAME
C:/Users/Dayna/Desktop/TR_GAME
Using Asset Import Pipeline V2.
Refreshing native plugins compatible for Editor in 24.14 ms, found 2 plugins.
Preloading 0 native plugins for Editor in 0.00 ms.
Initialize engine version: 2020.3.12f1 (b3b2c6512326)
[Subsystems] Discovering subsystems at path C:/Program Files/Unity/Hub/Editor/2020.3.12f1/Editor/Data/Resources/UnitySubsystems
[Subsystems] Discovering subsystems at path C:/Users/Dayna/Desktop/TR_GAME/Assets
GfxDevice: creating device client; threaded=0
Direct3D:
    Version:  Direct3D 11.0 [level 11.1]
    Renderer: NVIDIA GeForce RTX 2060 (ID=0x1f08)
    Vendor:   
    VRAM:     5980 MB
    Driver:   27.21.14.5751
Initialize mono
Mono path[0] = 'C:/Program Files/Unity/Hub/Editor/2020.3.12f1/Editor/Data/Managed'
Mono path[1] = 'C:/Program Files/Unity/Hub/Editor/2020.3.12f1/Editor/Data/MonoBleedingEdge/lib/mono/unityjit'
Mono config path = 'C:/Program Files/Unity/Hub/Editor/2020.3.12f1/Editor/Data/MonoBleedingEdge/etc'
Using monoOptions --debugger-agent=transport=dt_socket,embedding=1,server=y,suspend=n,address=127.0.0.1:56376
Begin MonoManager ReloadAssembly
Registering precompiled unity dll's ...
Register platform support module: C:/Program Files/Unity/Hub/Editor/2020.3.12f1/Editor/Data/PlaybackEngines/WindowsStandaloneSupport/UnityEditor.WindowsStandalone.Extensions.dll
Registered in 0.001612 seconds.
Native extension for WindowsStandalone target not found
Refreshing native plugins compatible for Editor in 24.60 ms, found 2 plugins.
Preloading 0 native plugins for Editor in 0.00 ms.
Mono: successfully reloaded assembly
- Completed reload, in  0.828 seconds
Platform modules already initialized, skipping
Registering precompiled user dll's ...
Registered in 0.002950 seconds.
Begin MonoManager ReloadAssembly
Native extension for WindowsStandalone target not found
Refreshing native plugins compatible for Editor in 0.33 ms, found 2 plugins.
Preloading 0 native plugins for Editor in 0.00 ms.
Mono: successfully reloaded assembly
- Completed reload, in  0.772 seconds
Platform modules already initialized, skipping
========================================================================
Worker process is ready to serve import requests
Launched and connected shader compiler UnityShaderCompiler.exe after 0.03 seconds
Refreshing native plugins compatible for Editor in 0.33 ms, found 2 plugins.
Preloading 0 native plugins for Editor in 0.00 ms.
Unloading 1386 Unused Serialized files (Serialized files now loaded: 0)
System memory in use before: 64.7 MB.
System memory in use after: 64.7 MB.

Unloading 19 unused Assets to reduce memory usage. Loaded Objects now: 1819.
Total: 1.670300 ms (FindLiveObjects: 0.143900 ms CreateObjectMapping: 0.031800 ms MarkObjects: 1.421500 ms  DeleteObjects: 0.072000 ms)

AssetImportParameters requested are different than current active one (requested -> active):
  custom:framework-win-MediaFoundation: 216162199b28c13a410421893ffa2e32 -> 
  custom:video-decoder-ogg-theora: a1e56fd34408186e4bbccfd4996cb3dc -> 
  custom:container-muxer-webm: aa71ff27fc2769a1b78a27578f13a17b -> 
  custom:container-demuxer-webm: 4f35f7cbe854078d1ac9338744f61a02 -> 
  custom:container-demuxer-ogg: 62fdf1f143b41e24485cea50d1cbac27 -> 
  custom:video-encoder-webm-vp8: eb34c28f22e8b96e1ab97ce403110664 -> 
  custom:video-decoder-webm-vp8: 9c59270c3fd7afecdb556c50c9e8de78 -> 
  custom:audio-decoder-ogg-vorbis: bf7c407c2cedff20999df2af8eb42d56 -> 
  custom:audio-encoder-webm-vorbis: bf7c407c2cedff20999df2af8eb42d56 -> 
========================================================================
Received Import Request.
  path: Assets/Scenes/TR_GB_town.fbx
  artifactKey: Guid(d3a8522787aaf3540b96db2aa81cbbd9) Importer(815301076,1909f56bfc062723c751e8b465ee728b)
Start importing Assets/Scenes/TR_GB_town.fbx using Guid(d3a8522787aaf3540b96db2aa81cbbd9) Importer(815301076,1909f56bfc062723c751e8b465ee728b)  -> (artifact id: '438afb16c28f2508530224062a5e56a1') in 0.247991 seconds 
  Import took 0.250836 seconds .

========================================================================
Received Import Request.
  Time since last request: 21.659859 seconds.
  path: Assets/Scenes/lambert1.mat
  artifactKey: Guid(1eedf50ce56bcb74e9ee36e194f0ff4a) Importer(815301076,1909f56bfc062723c751e8b465ee728b)
Start importing Assets/Scenes/lambert1.mat using Guid(1eedf50ce56bcb74e9ee36e194f0ff4a) Importer(815301076,1909f56bfc062723c751e8b465ee728b)  -> (artifact id: '91b891a56840a7a70166677a60f0e57e') in 0.029696 seconds 
  Import took 0.032413 seconds .

========================================================================
Received Import Request.
  Time since last request: 0.000201 seconds.
  path: Assets/Scenes/lambert3.mat
  artifactKey: Guid(bd2859f7fbf4fe544a85ec7288588f8d) Importer(815301076,1909f56bfc062723c751e8b465ee728b)
Start importing Assets/Scenes/lambert3.mat using Guid(bd2859f7fbf4fe544a85ec7288588f8d) Importer(815301076,1909f56bfc062723c751e8b465ee728b)  -> (artifact id: '09a5d369e8d14d1b6e061a0175d48a48') in 0.015562 seconds 
  Import took 0.018032 seconds .

========================================================================
Received Import Request.
  Time since last request: 0.000160 seconds.
  path: Assets/Scenes/sin.mat
  artifactKey: Guid(11c0516a69c54024dbd9052b1a1c1ad4) Importer(815301076,1909f56bfc062723c751e8b465ee728b)
Start importing Assets/Scenes/sin.mat using Guid(11c0516a69c54024dbd9052b1a1c1ad4) Importer(815301076,1909f56bfc062723c751e8b465ee728b)  -> (artifact id: '75b8416a30111ee04f5ef1debdb6c89a') in 0.019637 seconds 
  Import took 0.021909 seconds .

========================================================================
Received Import Request.
  Time since last request: 0.000159 seconds.
  path: Assets/Scenes/lambert3.mat
  artifactKey: Guid(bd2859f7fbf4fe544a85ec7288588f8d) Importer(815301076,1909f56bfc062723c751e8b465ee728b)
Start importing Assets/Scenes/lambert3.mat using Guid(bd2859f7fbf4fe544a85ec7288588f8d) Importer(815301076,1909f56bfc062723c751e8b465ee728b)  -> (artifact id: '09a5d369e8d14d1b6e061a0175d48a48') in 0.021326 seconds 
  Import took 0.023391 seconds .

========================================================================
Received Import Request.
  Time since last request: 2874.021034 seconds.
  path: Assets/Scenes/gres.mat
  artifactKey: Guid(648962d09eff3514a9c281e120e0c6fe) Importer(815301076,1909f56bfc062723c751e8b465ee728b)
Start importing Assets/Scenes/gres.mat using Guid(648962d09eff3514a9c281e120e0c6fe) Importer(815301076,1909f56bfc062723c751e8b465ee728b)  -> (artifact id: '394c16ee5f2188be209bdd99a8060663') in 0.024516 seconds 
  Import took 0.027519 seconds .

========================================================================
Received Import Request.
  Time since last request: 0.000240 seconds.
  path: Assets/Scenes/lambert3.mat
  artifactKey: Guid(bd2859f7fbf4fe544a85ec7288588f8d) Importer(815301076,1909f56bfc062723c751e8b465ee728b)
Start importing Assets/Scenes/lambert3.mat using Guid(bd2859f7fbf4fe544a85ec7288588f8d) Importer(815301076,1909f56bfc062723c751e8b465ee728b)  -> (artifact id: 'fc7e240ee3e196321f7beb018cc2f899') in 0.007791 seconds 
  Import took 0.010148 seconds .

========================================================================
Received Import Request.
  Time since last request: 0.000193 seconds.
  path: Assets/Scenes/sin.mat
  artifactKey: Guid(11c0516a69c54024dbd9052b1a1c1ad4) Importer(815301076,1909f56bfc062723c751e8b465ee728b)
Start importing Assets/Scenes/sin.mat using Guid(11c0516a69c54024dbd9052b1a1c1ad4) Importer(815301076,1909f56bfc062723c751e8b465ee728b)  -> (artifact id: '9cd121f2b0c159623e649c0051a4743f') in 0.008543 seconds 
  Import took 0.011030 seconds .

========================================================================
Received Import Request.
  Time since last request: 0.000150 seconds.
  path: Assets/Scenes/lambert1.mat
  artifactKey: Guid(1eedf50ce56bcb74e9ee36e194f0ff4a) Importer(815301076,1909f56bfc062723c751e8b465ee728b)
Start importing Assets/Scenes/lambert1.mat using Guid(1eedf50ce56bcb74e9ee36e194f0ff4a) Importer(815301076,1909f56bfc062723c751e8b465ee728b)  -> (artifact id: '17162e5b7275e995bc876c4d1204f334') in 0.008547 seconds 
  Import took 0.011004 seconds .

AssetImportWorkerClient::OnTransportError - code=2 error=End of file
